<?xml version="1.0" encoding="UTF-8"?>
<!-- Generated by org.testng.reporters.JUnitReportReporter -->
<testsuite hostname="Naveen" failures="0" tests="201" name="Agent_Module.AgentMultipleLoginTest" time="0.048" errors="1" timestamp="2023-05-17T13:34:14 IST" skipped="200">
  <testcase classname="Agent_Module.AgentMultipleLoginTest" name="MultipleLoginTest" time="0.000">
    <skipped/>
  </testcase> <!-- MultipleLoginTest -->
  <system-out>
    <![CDATA[Test is Skipped ---> MultipleLoginTest]]>
  </system-out>
  <testcase classname="Agent_Module.AgentMultipleLoginTest" name="MultipleLoginTest" time="0.000">
    <skipped/>
  </testcase> <!-- MultipleLoginTest -->
  <system-out>
    <![CDATA[Test is Skipped ---> MultipleLoginTest]]>
  </system-out>
  <testcase classname="Agent_Module.AgentMultipleLoginTest" name="MultipleLoginTest" time="0.000">
    <skipped/>
  </testcase> <!-- MultipleLoginTest -->
  <system-out>
    <![CDATA[Test is Skipped ---> MultipleLoginTest]]>
  </system-out>
  <testcase classname="Agent_Module.AgentMultipleLoginTest" name="MultipleLoginTest" time="0.000">
    <skipped/>
  </testcase> <!-- MultipleLoginTest -->
  <system-out>
    <![CDATA[Test is Skipped ---> MultipleLoginTest]]>
  </system-out>
  <testcase classname="Agent_Module.AgentMultipleLoginTest" name="MultipleLoginTest" time="0.000">
    <skipped/>
  </testcase> <!-- MultipleLoginTest -->
  <system-out>
    <![CDATA[Test is Skipped ---> MultipleLoginTest]]>
  </system-out>
  <testcase classname="Agent_Module.AgentMultipleLoginTest" name="MultipleLoginTest" time="0.000">
    <skipped/>
  </testcase> <!-- MultipleLoginTest -->
  <system-out>
    <![CDATA[Test is Skipped ---> MultipleLoginTest]]>
  </system-out>
  <testcase classname="Agent_Module.AgentMultipleLoginTest" name="MultipleLoginTest" time="0.000">
    <skipped/>
  </testcase> <!-- MultipleLoginTest -->
  <system-out>
    <![CDATA[Test is Skipped ---> MultipleLoginTest]]>
  </system-out>
  <testcase classname="Agent_Module.AgentMultipleLoginTest" name="MultipleLoginTest" time="0.000">
    <skipped/>
  </testcase> <!-- MultipleLoginTest -->
  <system-out>
    <![CDATA[Test is Skipped ---> MultipleLoginTest]]>
  </system-out>
  <testcase classname="Agent_Module.AgentMultipleLoginTest" name="MultipleLoginTest" time="0.000">
    <skipped/>
  </testcase> <!-- MultipleLoginTest -->
  <system-out>
    <![CDATA[Test is Skipped ---> MultipleLoginTest]]>
  </system-out>
  <testcase classname="Agent_Module.AgentMultipleLoginTest" name="MultipleLoginTest" time="0.000">
    <skipped/>
  </testcase> <!-- MultipleLoginTest -->
  <system-out>
    <![CDATA[Test is Skipped ---> MultipleLoginTest]]>
  </system-out>
  <testcase classname="Agent_Module.AgentMultipleLoginTest" name="MultipleLoginTest" time="0.000">
    <skipped/>
  </testcase> <!-- MultipleLoginTest -->
  <system-out>
    <![CDATA[Test is Skipped ---> MultipleLoginTest]]>
  </system-out>
  <testcase classname="Agent_Module.AgentMultipleLoginTest" name="MultipleLoginTest" time="0.000">
    <skipped/>
  </testcase> <!-- MultipleLoginTest -->
  <system-out>
    <![CDATA[Test is Skipped ---> MultipleLoginTest]]>
  </system-out>
  <testcase classname="Agent_Module.AgentMultipleLoginTest" name="MultipleLoginTest" time="0.000">
    <skipped/>
  </testcase> <!-- MultipleLoginTest -->
  <system-out>
    <![CDATA[Test is Skipped ---> MultipleLoginTest]]>
  </system-out>
  <testcase classname="Agent_Module.AgentMultipleLoginTest" name="MultipleLoginTest" time="0.000">
    <skipped/>
  </testcase> <!-- MultipleLoginTest -->
  <system-out>
    <![CDATA[Test is Skipped ---> MultipleLoginTest]]>
  </system-out>
  <testcase classname="Agent_Module.AgentMultipleLoginTest" name="MultipleLoginTest" time="0.000">
    <skipped/>
  </testcase> <!-- MultipleLoginTest -->
  <system-out>
    <![CDATA[Test is Skipped ---> MultipleLoginTest]]>
  </system-out>
  <testcase classname="Agent_Module.AgentMultipleLoginTest" name="MultipleLoginTest" time="0.000">
    <skipped/>
  </testcase> <!-- MultipleLoginTest -->
  <system-out>
    <![CDATA[Test is Skipped ---> MultipleLoginTest]]>
  </system-out>
  <testcase classname="Agent_Module.AgentMultipleLoginTest" name="MultipleLoginTest" time="0.000">
    <skipped/>
  </testcase> <!-- MultipleLoginTest -->
  <system-out>
    <![CDATA[Test is Skipped ---> MultipleLoginTest]]>
  </system-out>
  <testcase classname="Agent_Module.AgentMultipleLoginTest" name="MultipleLoginTest" time="0.000">
    <skipped/>
  </testcase> <!-- MultipleLoginTest -->
  <system-out>
    <![CDATA[Test is Skipped ---> MultipleLoginTest]]>
  </system-out>
  <testcase classname="Agent_Module.AgentMultipleLoginTest" name="MultipleLoginTest" time="0.000">
    <skipped/>
  </testcase> <!-- MultipleLoginTest -->
  <system-out>
    <![CDATA[Test is Skipped ---> MultipleLoginTest]]>
  </system-out>
  <testcase classname="Agent_Module.AgentMultipleLoginTest" name="MultipleLoginTest" time="0.000">
    <skipped/>
  </testcase> <!-- MultipleLoginTest -->
  <system-out>
    <![CDATA[Test is Skipped ---> MultipleLoginTest]]>
  </system-out>
  <testcase classname="Agent_Module.AgentMultipleLoginTest" name="MultipleLoginTest" time="0.000">
    <skipped/>
  </testcase> <!-- MultipleLoginTest -->
  <system-out>
    <![CDATA[Test is Skipped ---> MultipleLoginTest]]>
  </system-out>
  <testcase classname="Agent_Module.AgentMultipleLoginTest" name="MultipleLoginTest" time="0.000">
    <skipped/>
  </testcase> <!-- MultipleLoginTest -->
  <system-out>
    <![CDATA[Test is Skipped ---> MultipleLoginTest]]>
  </system-out>
  <testcase classname="Agent_Module.AgentMultipleLoginTest" name="MultipleLoginTest" time="0.001">
    <skipped/>
  </testcase> <!-- MultipleLoginTest -->
  <system-out>
    <![CDATA[Test is Skipped ---> MultipleLoginTest]]>
  </system-out>
  <testcase classname="Agent_Module.AgentMultipleLoginTest" name="MultipleLoginTest" time="0.000">
    <skipped/>
  </testcase> <!-- MultipleLoginTest -->
  <system-out>
    <![CDATA[Test is Skipped ---> MultipleLoginTest]]>
  </system-out>
  <testcase classname="Agent_Module.AgentMultipleLoginTest" name="MultipleLoginTest" time="0.000">
    <skipped/>
  </testcase> <!-- MultipleLoginTest -->
  <system-out>
    <![CDATA[Test is Skipped ---> MultipleLoginTest]]>
  </system-out>
  <testcase classname="Agent_Module.AgentMultipleLoginTest" name="MultipleLoginTest" time="0.000">
    <skipped/>
  </testcase> <!-- MultipleLoginTest -->
  <system-out>
    <![CDATA[Test is Skipped ---> MultipleLoginTest]]>
  </system-out>
  <testcase classname="Agent_Module.AgentMultipleLoginTest" name="MultipleLoginTest" time="0.000">
    <skipped/>
  </testcase> <!-- MultipleLoginTest -->
  <system-out>
    <![CDATA[Test is Skipped ---> MultipleLoginTest]]>
  </system-out>
  <testcase classname="Agent_Module.AgentMultipleLoginTest" name="MultipleLoginTest" time="0.000">
    <skipped/>
  </testcase> <!-- MultipleLoginTest -->
  <system-out>
    <![CDATA[Test is Skipped ---> MultipleLoginTest]]>
  </system-out>
  <testcase classname="Agent_Module.AgentMultipleLoginTest" name="MultipleLoginTest" time="0.000">
    <skipped/>
  </testcase> <!-- MultipleLoginTest -->
  <system-out>
    <![CDATA[Test is Skipped ---> MultipleLoginTest]]>
  </system-out>
  <testcase classname="Agent_Module.AgentMultipleLoginTest" name="MultipleLoginTest" time="0.000">
    <skipped/>
  </testcase> <!-- MultipleLoginTest -->
  <system-out>
    <![CDATA[Test is Skipped ---> MultipleLoginTest]]>
  </system-out>
  <testcase classname="Agent_Module.AgentMultipleLoginTest" name="MultipleLoginTest" time="0.000">
    <skipped/>
  </testcase> <!-- MultipleLoginTest -->
  <system-out>
    <![CDATA[Test is Skipped ---> MultipleLoginTest]]>
  </system-out>
  <testcase classname="Agent_Module.AgentMultipleLoginTest" name="MultipleLoginTest" time="0.000">
    <skipped/>
  </testcase> <!-- MultipleLoginTest -->
  <system-out>
    <![CDATA[Test is Skipped ---> MultipleLoginTest]]>
  </system-out>
  <testcase classname="Agent_Module.AgentMultipleLoginTest" name="MultipleLoginTest" time="0.000">
    <skipped/>
  </testcase> <!-- MultipleLoginTest -->
  <system-out>
    <![CDATA[Test is Skipped ---> MultipleLoginTest]]>
  </system-out>
  <testcase classname="Agent_Module.AgentMultipleLoginTest" name="MultipleLoginTest" time="0.000">
    <skipped/>
  </testcase> <!-- MultipleLoginTest -->
  <system-out>
    <![CDATA[Test is Skipped ---> MultipleLoginTest]]>
  </system-out>
  <testcase classname="Agent_Module.AgentMultipleLoginTest" name="MultipleLoginTest" time="0.000">
    <skipped/>
  </testcase> <!-- MultipleLoginTest -->
  <system-out>
    <![CDATA[Test is Skipped ---> MultipleLoginTest]]>
  </system-out>
  <testcase classname="Agent_Module.AgentMultipleLoginTest" name="MultipleLoginTest" time="0.000">
    <skipped/>
  </testcase> <!-- MultipleLoginTest -->
  <system-out>
    <![CDATA[Test is Skipped ---> MultipleLoginTest]]>
  </system-out>
  <testcase classname="Agent_Module.AgentMultipleLoginTest" name="MultipleLoginTest" time="0.000">
    <skipped/>
  </testcase> <!-- MultipleLoginTest -->
  <system-out>
    <![CDATA[Test is Skipped ---> MultipleLoginTest]]>
  </system-out>
  <testcase classname="Agent_Module.AgentMultipleLoginTest" name="MultipleLoginTest" time="0.000">
    <skipped/>
  </testcase> <!-- MultipleLoginTest -->
  <system-out>
    <![CDATA[Test is Skipped ---> MultipleLoginTest]]>
  </system-out>
  <testcase classname="Agent_Module.AgentMultipleLoginTest" name="MultipleLoginTest" time="0.000">
    <skipped/>
  </testcase> <!-- MultipleLoginTest -->
  <system-out>
    <![CDATA[Test is Skipped ---> MultipleLoginTest]]>
  </system-out>
  <testcase classname="Agent_Module.AgentMultipleLoginTest" name="MultipleLoginTest" time="0.000">
    <skipped/>
  </testcase> <!-- MultipleLoginTest -->
  <system-out>
    <![CDATA[Test is Skipped ---> MultipleLoginTest]]>
  </system-out>
  <testcase classname="Agent_Module.AgentMultipleLoginTest" name="MultipleLoginTest" time="0.000">
    <skipped/>
  </testcase> <!-- MultipleLoginTest -->
  <system-out>
    <![CDATA[Test is Skipped ---> MultipleLoginTest]]>
  </system-out>
  <testcase classname="Agent_Module.AgentMultipleLoginTest" name="MultipleLoginTest" time="0.000">
    <skipped/>
  </testcase> <!-- MultipleLoginTest -->
  <system-out>
    <![CDATA[Test is Skipped ---> MultipleLoginTest]]>
  </system-out>
  <testcase classname="Agent_Module.AgentMultipleLoginTest" name="MultipleLoginTest" time="0.000">
    <skipped/>
  </testcase> <!-- MultipleLoginTest -->
  <system-out>
    <![CDATA[Test is Skipped ---> MultipleLoginTest]]>
  </system-out>
  <testcase classname="Agent_Module.AgentMultipleLoginTest" name="MultipleLoginTest" time="0.000">
    <skipped/>
  </testcase> <!-- MultipleLoginTest -->
  <system-out>
    <![CDATA[Test is Skipped ---> MultipleLoginTest]]>
  </system-out>
  <testcase classname="Agent_Module.AgentMultipleLoginTest" name="MultipleLoginTest" time="0.000">
    <skipped/>
  </testcase> <!-- MultipleLoginTest -->
  <system-out>
    <![CDATA[Test is Skipped ---> MultipleLoginTest]]>
  </system-out>
  <testcase classname="Agent_Module.AgentMultipleLoginTest" name="MultipleLoginTest" time="0.000">
    <skipped/>
  </testcase> <!-- MultipleLoginTest -->
  <system-out>
    <![CDATA[Test is Skipped ---> MultipleLoginTest]]>
  </system-out>
  <testcase classname="Agent_Module.AgentMultipleLoginTest" name="MultipleLoginTest" time="0.000">
    <skipped/>
  </testcase> <!-- MultipleLoginTest -->
  <system-out>
    <![CDATA[Test is Skipped ---> MultipleLoginTest]]>
  </system-out>
  <testcase classname="Agent_Module.AgentMultipleLoginTest" name="MultipleLoginTest" time="0.000">
    <skipped/>
  </testcase> <!-- MultipleLoginTest -->
  <system-out>
    <![CDATA[Test is Skipped ---> MultipleLoginTest]]>
  </system-out>
  <testcase classname="Agent_Module.AgentMultipleLoginTest" name="MultipleLoginTest" time="0.000">
    <skipped/>
  </testcase> <!-- MultipleLoginTest -->
  <system-out>
    <![CDATA[Test is Skipped ---> MultipleLoginTest]]>
  </system-out>
  <testcase classname="Agent_Module.AgentMultipleLoginTest" name="MultipleLoginTest" time="0.000">
    <skipped/>
  </testcase> <!-- MultipleLoginTest -->
  <system-out>
    <![CDATA[Test is Skipped ---> MultipleLoginTest]]>
  </system-out>
  <testcase classname="Agent_Module.AgentMultipleLoginTest" name="MultipleLoginTest" time="0.000">
    <skipped/>
  </testcase> <!-- MultipleLoginTest -->
  <system-out>
    <![CDATA[Test is Skipped ---> MultipleLoginTest]]>
  </system-out>
  <testcase classname="Agent_Module.AgentMultipleLoginTest" name="bmConfigration" time="0.047">
    <error message="no such window: target window already closed
from unknown error: web view not found
  (Session info: chrome=113.0.5672.126)
Build info: version: &#039;4.4.0&#039;, revision: &#039;e5c75ed026a&#039;
System info: host: &#039;NAVEEN&#039;, ip: &#039;172.16.14.193&#039;, os.name: &#039;Windows 11&#039;, os.arch: &#039;amd64&#039;, os.version: &#039;10.0&#039;, java.version: &#039;17.0.6&#039;
Driver info: org.openqa.selenium.chrome.ChromeDriver
Command: [de2241ba8ad5cf3de2d04c5471caaf24, findElement {using=xpath, value=//img[@id=&#039;agent&#039;]}]
Capabilities {acceptInsecureCerts: false, browserName: chrome, browserVersion: 113.0.5672.126, chrome: {chromedriverVersion: 113.0.5672.63 (0e1a4471d5ae..., userDataDir: C:\Users\bella\AppData\Loca...}, goog:chromeOptions: {debuggerAddress: localhost:62061}, networkConnectionEnabled: false, pageLoadStrategy: normal, platformName: WINDOWS, proxy: Proxy(), se:cdp: ws://localhost:62061/devtoo..., se:cdpVersion: 113.0.5672.126, setWindowRect: true, strictFileInteractability: false, timeouts: {implicit: 0, pageLoad: 300000, script: 30000}, unhandledPromptBehavior: dismiss and notify, webauthn:extension:credBlob: true, webauthn:extension:largeBlob: true, webauthn:extension:minPinLength: true, webauthn:extension:prf: true, webauthn:virtualAuthenticators: true}
Session ID: de2241ba8ad5cf3de2d04c5471caaf24" type="org.openqa.selenium.NoSuchWindowException">
      <![CDATA[org.openqa.selenium.NoSuchWindowException: no such window: target window already closed
from unknown error: web view not found
  (Session info: chrome=113.0.5672.126)
Build info: version: '4.4.0', revision: 'e5c75ed026a'
System info: host: 'NAVEEN', ip: '172.16.14.193', os.name: 'Windows 11', os.arch: 'amd64', os.version: '10.0', java.version: '17.0.6'
Driver info: org.openqa.selenium.chrome.ChromeDriver
Command: [de2241ba8ad5cf3de2d04c5471caaf24, findElement {using=xpath, value=//img[@id='agent']}]
Capabilities {acceptInsecureCerts: false, browserName: chrome, browserVersion: 113.0.5672.126, chrome: {chromedriverVersion: 113.0.5672.63 (0e1a4471d5ae..., userDataDir: C:\Users\bella\AppData\Loca...}, goog:chromeOptions: {debuggerAddress: localhost:62061}, networkConnectionEnabled: false, pageLoadStrategy: normal, platformName: WINDOWS, proxy: Proxy(), se:cdp: ws://localhost:62061/devtoo..., se:cdpVersion: 113.0.5672.126, setWindowRect: true, strictFileInteractability: false, timeouts: {implicit: 0, pageLoad: 300000, script: 30000}, unhandledPromptBehavior: dismiss and notify, webauthn:extension:credBlob: true, webauthn:extension:largeBlob: true, webauthn:extension:minPinLength: true, webauthn:extension:prf: true, webauthn:virtualAuthenticators: true}
Session ID: de2241ba8ad5cf3de2d04c5471caaf24
at java.base/jdk.internal.reflect.NativeConstructorAccessorImpl.newInstance0(Native Method)
at java.base/jdk.internal.reflect.NativeConstructorAccessorImpl.newInstance(NativeConstructorAccessorImpl.java:77)
at java.base/jdk.internal.reflect.DelegatingConstructorAccessorImpl.newInstance(DelegatingConstructorAccessorImpl.java:45)
at java.base/java.lang.reflect.Constructor.newInstanceWithCaller(Constructor.java:499)
at java.base/java.lang.reflect.Constructor.newInstance(Constructor.java:480)
at org.openqa.selenium.remote.codec.w3c.W3CHttpResponseCodec.createException(W3CHttpResponseCodec.java:200)
at org.openqa.selenium.remote.codec.w3c.W3CHttpResponseCodec.decode(W3CHttpResponseCodec.java:133)
at org.openqa.selenium.remote.codec.w3c.W3CHttpResponseCodec.decode(W3CHttpResponseCodec.java:53)
at org.openqa.selenium.remote.HttpCommandExecutor.execute(HttpCommandExecutor.java:184)
at org.openqa.selenium.remote.service.DriverCommandExecutor.invokeExecute(DriverCommandExecutor.java:167)
at org.openqa.selenium.remote.service.DriverCommandExecutor.execute(DriverCommandExecutor.java:142)
at org.openqa.selenium.remote.RemoteWebDriver.execute(RemoteWebDriver.java:547)
at org.openqa.selenium.remote.ElementLocation$ElementFinder$2.findElement(ElementLocation.java:162)
at org.openqa.selenium.remote.ElementLocation.findElement(ElementLocation.java:60)
at org.openqa.selenium.remote.RemoteWebDriver.findElement(RemoteWebDriver.java:365)
at org.openqa.selenium.remote.RemoteWebDriver.findElement(RemoteWebDriver.java:357)
at org.openqa.selenium.support.pagefactory.DefaultElementLocator.findElement(DefaultElementLocator.java:70)
at org.openqa.selenium.support.pagefactory.internal.LocatingElementHandler.invoke(LocatingElementHandler.java:39)
at jdk.proxy2/jdk.proxy2.$Proxy24.click(Unknown Source)
at Convox.ObjectRepository.AgentModule.AgentLoginPage.LoginToAgentModule(AgentLoginPage.java:74)
at Convox.GenericLibraries.BaseClass.bmConfigration(BaseClass.java:89)
at java.base/jdk.internal.reflect.NativeMethodAccessorImpl.invoke0(Native Method)
at java.base/jdk.internal.reflect.NativeMethodAccessorImpl.invoke(NativeMethodAccessorImpl.java:77)
at java.base/jdk.internal.reflect.DelegatingMethodAccessorImpl.invoke(DelegatingMethodAccessorImpl.java:43)
at java.base/java.lang.reflect.Method.invoke(Method.java:568)
at org.testng.internal.MethodInvocationHelper.invokeMethod(MethodInvocationHelper.java:133)
at org.testng.internal.MethodInvocationHelper.invokeMethodConsideringTimeout(MethodInvocationHelper.java:62)
at org.testng.internal.ConfigInvoker.invokeConfigurationMethod(ConfigInvoker.java:385)
at org.testng.internal.ConfigInvoker.invokeConfigurations(ConfigInvoker.java:321)
at org.testng.internal.TestInvoker.runConfigMethods(TestInvoker.java:700)
at org.testng.internal.TestInvoker.invokeMethod(TestInvoker.java:527)
at org.testng.internal.TestInvoker.invokeTestMethod(TestInvoker.java:173)
at org.testng.internal.MethodRunner.runInSequence(MethodRunner.java:46)
at org.testng.internal.TestInvoker$MethodInvocationAgent.invoke(TestInvoker.java:824)
at org.testng.internal.TestInvoker.invokeTestMethods(TestInvoker.java:146)
at org.testng.internal.TestMethodWorker.invokeTestMethods(TestMethodWorker.java:146)
at org.testng.internal.TestMethodWorker.run(TestMethodWorker.java:128)
at java.base/java.util.ArrayList.forEach(ArrayList.java:1511)
at org.testng.TestRunner.privateRun(TestRunner.java:794)
at org.testng.TestRunner.run(TestRunner.java:596)
at org.testng.SuiteRunner.runTest(SuiteRunner.java:377)
at org.testng.SuiteRunner.runSequentially(SuiteRunner.java:371)
at org.testng.SuiteRunner.privateRun(SuiteRunner.java:332)
at org.testng.SuiteRunner.run(SuiteRunner.java:276)
at org.testng.SuiteRunnerWorker.runSuite(SuiteRunnerWorker.java:53)
at org.testng.SuiteRunnerWorker.run(SuiteRunnerWorker.java:96)
at org.testng.TestNG.runSuitesSequentially(TestNG.java:1212)
at org.testng.TestNG.runSuitesLocally(TestNG.java:1134)
at org.testng.TestNG.runSuites(TestNG.java:1063)
at org.testng.TestNG.run(TestNG.java:1031)
at org.testng.remote.AbstractRemoteTestNG.run(AbstractRemoteTestNG.java:115)
at org.testng.remote.RemoteTestNG.initAndRun(RemoteTestNG.java:251)
at org.testng.remote.RemoteTestNG.main(RemoteTestNG.java:77)
]]>
    </error>
  </testcase> <!-- bmConfigration -->
  <system-out/>
  <testcase classname="Agent_Module.AgentMultipleLoginTest" name="MultipleLoginTest" time="0.000">
    <skipped/>
  </testcase> <!-- MultipleLoginTest -->
  <system-out>
    <![CDATA[Test is Skipped ---> MultipleLoginTest]]>
  </system-out>
  <testcase classname="Agent_Module.AgentMultipleLoginTest" name="MultipleLoginTest" time="0.000">
    <skipped/>
  </testcase> <!-- MultipleLoginTest -->
  <system-out>
    <![CDATA[Test is Skipped ---> MultipleLoginTest]]>
  </system-out>
  <testcase classname="Agent_Module.AgentMultipleLoginTest" name="MultipleLoginTest" time="0.000">
    <skipped/>
  </testcase> <!-- MultipleLoginTest -->
  <system-out>
    <![CDATA[Test is Skipped ---> MultipleLoginTest]]>
  </system-out>
  <testcase classname="Agent_Module.AgentMultipleLoginTest" name="MultipleLoginTest" time="0.000">
    <skipped/>
  </testcase> <!-- MultipleLoginTest -->
  <system-out>
    <![CDATA[Test is Skipped ---> MultipleLoginTest]]>
  </system-out>
  <testcase classname="Agent_Module.AgentMultipleLoginTest" name="MultipleLoginTest" time="0.000">
    <skipped/>
  </testcase> <!-- MultipleLoginTest -->
  <system-out>
    <![CDATA[Test is Skipped ---> MultipleLoginTest]]>
  </system-out>
  <testcase classname="Agent_Module.AgentMultipleLoginTest" name="MultipleLoginTest" time="0.000">
    <skipped/>
  </testcase> <!-- MultipleLoginTest -->
  <system-out>
    <![CDATA[Test is Skipped ---> MultipleLoginTest]]>
  </system-out>
  <testcase classname="Agent_Module.AgentMultipleLoginTest" name="MultipleLoginTest" time="0.000">
    <skipped/>
  </testcase> <!-- MultipleLoginTest -->
  <system-out>
    <![CDATA[Test is Skipped ---> MultipleLoginTest]]>
  </system-out>
  <testcase classname="Agent_Module.AgentMultipleLoginTest" name="MultipleLoginTest" time="0.000">
    <skipped/>
  </testcase> <!-- MultipleLoginTest -->
  <system-out>
    <![CDATA[Test is Skipped ---> MultipleLoginTest]]>
  </system-out>
  <testcase classname="Agent_Module.AgentMultipleLoginTest" name="MultipleLoginTest" time="0.000">
    <skipped/>
  </testcase> <!-- MultipleLoginTest -->
  <system-out>
    <![CDATA[Test is Skipped ---> MultipleLoginTest]]>
  </system-out>
  <testcase classname="Agent_Module.AgentMultipleLoginTest" name="MultipleLoginTest" time="0.000">
    <skipped/>
  </testcase> <!-- MultipleLoginTest -->
  <system-out>
    <![CDATA[Test is Skipped ---> MultipleLoginTest]]>
  </system-out>
  <testcase classname="Agent_Module.AgentMultipleLoginTest" name="MultipleLoginTest" time="0.000">
    <skipped/>
  </testcase> <!-- MultipleLoginTest -->
  <system-out>
    <![CDATA[Test is Skipped ---> MultipleLoginTest]]>
  </system-out>
  <testcase classname="Agent_Module.AgentMultipleLoginTest" name="MultipleLoginTest" time="0.000">
    <skipped/>
  </testcase> <!-- MultipleLoginTest -->
  <system-out>
    <![CDATA[Test is Skipped ---> MultipleLoginTest]]>
  </system-out>
  <testcase classname="Agent_Module.AgentMultipleLoginTest" name="MultipleLoginTest" time="0.000">
    <skipped/>
  </testcase> <!-- MultipleLoginTest -->
  <system-out>
    <![CDATA[Test is Skipped ---> MultipleLoginTest]]>
  </system-out>
  <testcase classname="Agent_Module.AgentMultipleLoginTest" name="MultipleLoginTest" time="0.000">
    <skipped/>
  </testcase> <!-- MultipleLoginTest -->
  <system-out>
    <![CDATA[Test is Skipped ---> MultipleLoginTest]]>
  </system-out>
  <testcase classname="Agent_Module.AgentMultipleLoginTest" name="MultipleLoginTest" time="0.000">
    <skipped/>
  </testcase> <!-- MultipleLoginTest -->
  <system-out>
    <![CDATA[Test is Skipped ---> MultipleLoginTest]]>
  </system-out>
  <testcase classname="Agent_Module.AgentMultipleLoginTest" name="MultipleLoginTest" time="0.000">
    <skipped/>
  </testcase> <!-- MultipleLoginTest -->
  <system-out>
    <![CDATA[Test is Skipped ---> MultipleLoginTest]]>
  </system-out>
  <testcase classname="Agent_Module.AgentMultipleLoginTest" name="MultipleLoginTest" time="0.000">
    <skipped/>
  </testcase> <!-- MultipleLoginTest -->
  <system-out>
    <![CDATA[Test is Skipped ---> MultipleLoginTest]]>
  </system-out>
  <testcase classname="Agent_Module.AgentMultipleLoginTest" name="MultipleLoginTest" time="0.000">
    <skipped/>
  </testcase> <!-- MultipleLoginTest -->
  <system-out>
    <![CDATA[Test is Skipped ---> MultipleLoginTest]]>
  </system-out>
  <testcase classname="Agent_Module.AgentMultipleLoginTest" name="MultipleLoginTest" time="0.000">
    <skipped/>
  </testcase> <!-- MultipleLoginTest -->
  <system-out>
    <![CDATA[Test is Skipped ---> MultipleLoginTest]]>
  </system-out>
  <testcase classname="Agent_Module.AgentMultipleLoginTest" name="MultipleLoginTest" time="0.000">
    <skipped/>
  </testcase> <!-- MultipleLoginTest -->
  <system-out>
    <![CDATA[Test is Skipped ---> MultipleLoginTest]]>
  </system-out>
  <testcase classname="Agent_Module.AgentMultipleLoginTest" name="MultipleLoginTest" time="0.000">
    <skipped/>
  </testcase> <!-- MultipleLoginTest -->
  <system-out>
    <![CDATA[Test is Skipped ---> MultipleLoginTest]]>
  </system-out>
  <testcase classname="Agent_Module.AgentMultipleLoginTest" name="MultipleLoginTest" time="0.000">
    <skipped/>
  </testcase> <!-- MultipleLoginTest -->
  <system-out>
    <![CDATA[Test is Skipped ---> MultipleLoginTest]]>
  </system-out>
  <testcase classname="Agent_Module.AgentMultipleLoginTest" name="MultipleLoginTest" time="0.000">
    <skipped/>
  </testcase> <!-- MultipleLoginTest -->
  <system-out>
    <![CDATA[Test is Skipped ---> MultipleLoginTest]]>
  </system-out>
  <testcase classname="Agent_Module.AgentMultipleLoginTest" name="MultipleLoginTest" time="0.000">
    <skipped/>
  </testcase> <!-- MultipleLoginTest -->
  <system-out>
    <![CDATA[Test is Skipped ---> MultipleLoginTest]]>
  </system-out>
  <testcase classname="Agent_Module.AgentMultipleLoginTest" name="MultipleLoginTest" time="0.000">
    <skipped/>
  </testcase> <!-- MultipleLoginTest -->
  <system-out>
    <![CDATA[Test is Skipped ---> MultipleLoginTest]]>
  </system-out>
  <testcase classname="Agent_Module.AgentMultipleLoginTest" name="MultipleLoginTest" time="0.000">
    <skipped/>
  </testcase> <!-- MultipleLoginTest -->
  <system-out>
    <![CDATA[Test is Skipped ---> MultipleLoginTest]]>
  </system-out>
  <testcase classname="Agent_Module.AgentMultipleLoginTest" name="MultipleLoginTest" time="0.000">
    <skipped/>
  </testcase> <!-- MultipleLoginTest -->
  <system-out>
    <![CDATA[Test is Skipped ---> MultipleLoginTest]]>
  </system-out>
  <testcase classname="Agent_Module.AgentMultipleLoginTest" name="MultipleLoginTest" time="0.000">
    <skipped/>
  </testcase> <!-- MultipleLoginTest -->
  <system-out>
    <![CDATA[Test is Skipped ---> MultipleLoginTest]]>
  </system-out>
  <testcase classname="Agent_Module.AgentMultipleLoginTest" name="MultipleLoginTest" time="0.000">
    <skipped/>
  </testcase> <!-- MultipleLoginTest -->
  <system-out>
    <![CDATA[Test is Skipped ---> MultipleLoginTest]]>
  </system-out>
  <testcase classname="Agent_Module.AgentMultipleLoginTest" name="MultipleLoginTest" time="0.000">
    <skipped/>
  </testcase> <!-- MultipleLoginTest -->
  <system-out>
    <![CDATA[Test is Skipped ---> MultipleLoginTest]]>
  </system-out>
  <testcase classname="Agent_Module.AgentMultipleLoginTest" name="MultipleLoginTest" time="0.000">
    <skipped/>
  </testcase> <!-- MultipleLoginTest -->
  <system-out>
    <![CDATA[Test is Skipped ---> MultipleLoginTest]]>
  </system-out>
  <testcase classname="Agent_Module.AgentMultipleLoginTest" name="MultipleLoginTest" time="0.000">
    <skipped/>
  </testcase> <!-- MultipleLoginTest -->
  <system-out>
    <![CDATA[Test is Skipped ---> MultipleLoginTest]]>
  </system-out>
  <testcase classname="Agent_Module.AgentMultipleLoginTest" name="MultipleLoginTest" time="0.000">
    <skipped/>
  </testcase> <!-- MultipleLoginTest -->
  <system-out>
    <![CDATA[Test is Skipped ---> MultipleLoginTest]]>
  </system-out>
  <testcase classname="Agent_Module.AgentMultipleLoginTest" name="MultipleLoginTest" time="0.000">
    <skipped/>
  </testcase> <!-- MultipleLoginTest -->
  <system-out>
    <![CDATA[Test is Skipped ---> MultipleLoginTest]]>
  </system-out>
  <testcase classname="Agent_Module.AgentMultipleLoginTest" name="MultipleLoginTest" time="0.000">
    <skipped/>
  </testcase> <!-- MultipleLoginTest -->
  <system-out>
    <![CDATA[Test is Skipped ---> MultipleLoginTest]]>
  </system-out>
  <testcase classname="Agent_Module.AgentMultipleLoginTest" name="MultipleLoginTest" time="0.000">
    <skipped/>
  </testcase> <!-- MultipleLoginTest -->
  <system-out>
    <![CDATA[Test is Skipped ---> MultipleLoginTest]]>
  </system-out>
  <testcase classname="Agent_Module.AgentMultipleLoginTest" name="MultipleLoginTest" time="0.000">
    <skipped/>
  </testcase> <!-- MultipleLoginTest -->
  <system-out>
    <![CDATA[Test is Skipped ---> MultipleLoginTest]]>
  </system-out>
  <testcase classname="Agent_Module.AgentMultipleLoginTest" name="MultipleLoginTest" time="0.000">
    <skipped/>
  </testcase> <!-- MultipleLoginTest -->
  <system-out>
    <![CDATA[Test is Skipped ---> MultipleLoginTest]]>
  </system-out>
  <testcase classname="Agent_Module.AgentMultipleLoginTest" name="MultipleLoginTest" time="0.000">
    <skipped/>
  </testcase> <!-- MultipleLoginTest -->
  <system-out>
    <![CDATA[Test is Skipped ---> MultipleLoginTest]]>
  </system-out>
  <testcase classname="Agent_Module.AgentMultipleLoginTest" name="MultipleLoginTest" time="0.000">
    <skipped/>
  </testcase> <!-- MultipleLoginTest -->
  <system-out>
    <![CDATA[Test is Skipped ---> MultipleLoginTest]]>
  </system-out>
  <testcase classname="Agent_Module.AgentMultipleLoginTest" name="MultipleLoginTest" time="0.000">
    <skipped/>
  </testcase> <!-- MultipleLoginTest -->
  <system-out>
    <![CDATA[Test is Skipped ---> MultipleLoginTest]]>
  </system-out>
  <testcase classname="Agent_Module.AgentMultipleLoginTest" name="MultipleLoginTest" time="0.000">
    <skipped/>
  </testcase> <!-- MultipleLoginTest -->
  <system-out>
    <![CDATA[Test is Skipped ---> MultipleLoginTest]]>
  </system-out>
  <testcase classname="Agent_Module.AgentMultipleLoginTest" name="MultipleLoginTest" time="0.000">
    <skipped/>
  </testcase> <!-- MultipleLoginTest -->
  <system-out>
    <![CDATA[Test is Skipped ---> MultipleLoginTest]]>
  </system-out>
  <testcase classname="Agent_Module.AgentMultipleLoginTest" name="MultipleLoginTest" time="0.000">
    <skipped/>
  </testcase> <!-- MultipleLoginTest -->
  <system-out>
    <![CDATA[Test is Skipped ---> MultipleLoginTest]]>
  </system-out>
  <testcase classname="Agent_Module.AgentMultipleLoginTest" name="MultipleLoginTest" time="0.000">
    <skipped/>
  </testcase> <!-- MultipleLoginTest -->
  <system-out>
    <![CDATA[Test is Skipped ---> MultipleLoginTest]]>
  </system-out>
  <testcase classname="Agent_Module.AgentMultipleLoginTest" name="MultipleLoginTest" time="0.000">
    <skipped/>
  </testcase> <!-- MultipleLoginTest -->
  <system-out>
    <![CDATA[Test is Skipped ---> MultipleLoginTest]]>
  </system-out>
  <testcase classname="Agent_Module.AgentMultipleLoginTest" name="MultipleLoginTest" time="0.000">
    <skipped/>
  </testcase> <!-- MultipleLoginTest -->
  <system-out>
    <![CDATA[Test is Skipped ---> MultipleLoginTest]]>
  </system-out>
  <testcase classname="Agent_Module.AgentMultipleLoginTest" name="MultipleLoginTest" time="0.000">
    <skipped/>
  </testcase> <!-- MultipleLoginTest -->
  <system-out>
    <![CDATA[Test is Skipped ---> MultipleLoginTest]]>
  </system-out>
  <testcase classname="Agent_Module.AgentMultipleLoginTest" name="MultipleLoginTest" time="0.000">
    <skipped/>
  </testcase> <!-- MultipleLoginTest -->
  <system-out>
    <![CDATA[Test is Skipped ---> MultipleLoginTest]]>
  </system-out>
  <testcase classname="Agent_Module.AgentMultipleLoginTest" name="MultipleLoginTest" time="0.000">
    <skipped/>
  </testcase> <!-- MultipleLoginTest -->
  <system-out>
    <![CDATA[Test is Skipped ---> MultipleLoginTest]]>
  </system-out>
  <testcase classname="Agent_Module.AgentMultipleLoginTest" name="MultipleLoginTest" time="0.000">
    <skipped/>
  </testcase> <!-- MultipleLoginTest -->
  <system-out>
    <![CDATA[Test is Skipped ---> MultipleLoginTest]]>
  </system-out>
  <testcase classname="Agent_Module.AgentMultipleLoginTest" name="MultipleLoginTest" time="0.000">
    <skipped/>
  </testcase> <!-- MultipleLoginTest -->
  <system-out>
    <![CDATA[Test is Skipped ---> MultipleLoginTest]]>
  </system-out>
  <testcase classname="Agent_Module.AgentMultipleLoginTest" name="MultipleLoginTest" time="0.000">
    <skipped/>
  </testcase> <!-- MultipleLoginTest -->
  <system-out>
    <![CDATA[Test is Skipped ---> MultipleLoginTest]]>
  </system-out>
  <testcase classname="Agent_Module.AgentMultipleLoginTest" name="MultipleLoginTest" time="0.000">
    <skipped/>
  </testcase> <!-- MultipleLoginTest -->
  <system-out>
    <![CDATA[Test is Skipped ---> MultipleLoginTest]]>
  </system-out>
  <testcase classname="Agent_Module.AgentMultipleLoginTest" name="MultipleLoginTest" time="0.000">
    <skipped/>
  </testcase> <!-- MultipleLoginTest -->
  <system-out>
    <![CDATA[Test is Skipped ---> MultipleLoginTest]]>
  </system-out>
  <testcase classname="Agent_Module.AgentMultipleLoginTest" name="MultipleLoginTest" time="0.000">
    <skipped/>
  </testcase> <!-- MultipleLoginTest -->
  <system-out>
    <![CDATA[Test is Skipped ---> MultipleLoginTest]]>
  </system-out>
  <testcase classname="Agent_Module.AgentMultipleLoginTest" name="MultipleLoginTest" time="0.000">
    <skipped/>
  </testcase> <!-- MultipleLoginTest -->
  <system-out>
    <![CDATA[Test is Skipped ---> MultipleLoginTest]]>
  </system-out>
  <testcase classname="Agent_Module.AgentMultipleLoginTest" name="MultipleLoginTest" time="0.000">
    <skipped/>
  </testcase> <!-- MultipleLoginTest -->
  <system-out>
    <![CDATA[Test is Skipped ---> MultipleLoginTest]]>
  </system-out>
  <testcase classname="Agent_Module.AgentMultipleLoginTest" name="MultipleLoginTest" time="0.000">
    <skipped/>
  </testcase> <!-- MultipleLoginTest -->
  <system-out>
    <![CDATA[Test is Skipped ---> MultipleLoginTest]]>
  </system-out>
  <testcase classname="Agent_Module.AgentMultipleLoginTest" name="MultipleLoginTest" time="0.000">
    <skipped/>
  </testcase> <!-- MultipleLoginTest -->
  <system-out>
    <![CDATA[Test is Skipped ---> MultipleLoginTest]]>
  </system-out>
  <testcase classname="Agent_Module.AgentMultipleLoginTest" name="MultipleLoginTest" time="0.000">
    <skipped/>
  </testcase> <!-- MultipleLoginTest -->
  <system-out>
    <![CDATA[Test is Skipped ---> MultipleLoginTest]]>
  </system-out>
  <testcase classname="Agent_Module.AgentMultipleLoginTest" name="MultipleLoginTest" time="0.000">
    <skipped/>
  </testcase> <!-- MultipleLoginTest -->
  <system-out>
    <![CDATA[Test is Skipped ---> MultipleLoginTest]]>
  </system-out>
  <testcase classname="Agent_Module.AgentMultipleLoginTest" name="MultipleLoginTest" time="0.000">
    <skipped/>
  </testcase> <!-- MultipleLoginTest -->
  <system-out>
    <![CDATA[Test is Skipped ---> MultipleLoginTest]]>
  </system-out>
  <testcase classname="Agent_Module.AgentMultipleLoginTest" name="MultipleLoginTest" time="0.000">
    <skipped/>
  </testcase> <!-- MultipleLoginTest -->
  <system-out>
    <![CDATA[Test is Skipped ---> MultipleLoginTest]]>
  </system-out>
  <testcase classname="Agent_Module.AgentMultipleLoginTest" name="MultipleLoginTest" time="0.000">
    <skipped/>
  </testcase> <!-- MultipleLoginTest -->
  <system-out>
    <![CDATA[Test is Skipped ---> MultipleLoginTest]]>
  </system-out>
  <testcase classname="Agent_Module.AgentMultipleLoginTest" name="MultipleLoginTest" time="0.000">
    <skipped/>
  </testcase> <!-- MultipleLoginTest -->
  <system-out>
    <![CDATA[Test is Skipped ---> MultipleLoginTest]]>
  </system-out>
  <testcase classname="Agent_Module.AgentMultipleLoginTest" name="MultipleLoginTest" time="0.000">
    <skipped/>
  </testcase> <!-- MultipleLoginTest -->
  <system-out>
    <![CDATA[Test is Skipped ---> MultipleLoginTest]]>
  </system-out>
  <testcase classname="Agent_Module.AgentMultipleLoginTest" name="MultipleLoginTest" time="0.000">
    <skipped/>
  </testcase> <!-- MultipleLoginTest -->
  <system-out>
    <![CDATA[Test is Skipped ---> MultipleLoginTest]]>
  </system-out>
  <testcase classname="Agent_Module.AgentMultipleLoginTest" name="MultipleLoginTest" time="0.000">
    <skipped/>
  </testcase> <!-- MultipleLoginTest -->
  <system-out>
    <![CDATA[Test is Skipped ---> MultipleLoginTest]]>
  </system-out>
  <testcase classname="Agent_Module.AgentMultipleLoginTest" name="MultipleLoginTest" time="0.000">
    <skipped/>
  </testcase> <!-- MultipleLoginTest -->
  <system-out>
    <![CDATA[Test is Skipped ---> MultipleLoginTest]]>
  </system-out>
  <testcase classname="Agent_Module.AgentMultipleLoginTest" name="MultipleLoginTest" time="0.000">
    <skipped/>
  </testcase> <!-- MultipleLoginTest -->
  <system-out>
    <![CDATA[Test is Skipped ---> MultipleLoginTest]]>
  </system-out>
  <testcase classname="Agent_Module.AgentMultipleLoginTest" name="MultipleLoginTest" time="0.000">
    <skipped/>
  </testcase> <!-- MultipleLoginTest -->
  <system-out>
    <![CDATA[Test is Skipped ---> MultipleLoginTest]]>
  </system-out>
  <testcase classname="Agent_Module.AgentMultipleLoginTest" name="MultipleLoginTest" time="0.000">
    <skipped/>
  </testcase> <!-- MultipleLoginTest -->
  <system-out>
    <![CDATA[Test is Skipped ---> MultipleLoginTest]]>
  </system-out>
  <testcase classname="Agent_Module.AgentMultipleLoginTest" name="MultipleLoginTest" time="0.000">
    <skipped/>
  </testcase> <!-- MultipleLoginTest -->
  <system-out>
    <![CDATA[Test is Skipped ---> MultipleLoginTest]]>
  </system-out>
  <testcase classname="Agent_Module.AgentMultipleLoginTest" name="MultipleLoginTest" time="0.000">
    <skipped/>
  </testcase> <!-- MultipleLoginTest -->
  <system-out>
    <![CDATA[Test is Skipped ---> MultipleLoginTest]]>
  </system-out>
  <testcase classname="Agent_Module.AgentMultipleLoginTest" name="MultipleLoginTest" time="0.000">
    <skipped/>
  </testcase> <!-- MultipleLoginTest -->
  <system-out>
    <![CDATA[Test is Skipped ---> MultipleLoginTest]]>
  </system-out>
  <testcase classname="Agent_Module.AgentMultipleLoginTest" name="MultipleLoginTest" time="0.000">
    <skipped/>
  </testcase> <!-- MultipleLoginTest -->
  <system-out>
    <![CDATA[Test is Skipped ---> MultipleLoginTest]]>
  </system-out>
  <testcase classname="Agent_Module.AgentMultipleLoginTest" name="MultipleLoginTest" time="0.000">
    <skipped/>
  </testcase> <!-- MultipleLoginTest -->
  <system-out>
    <![CDATA[Test is Skipped ---> MultipleLoginTest]]>
  </system-out>
  <testcase classname="Agent_Module.AgentMultipleLoginTest" name="MultipleLoginTest" time="0.000">
    <skipped/>
  </testcase> <!-- MultipleLoginTest -->
  <system-out>
    <![CDATA[Test is Skipped ---> MultipleLoginTest]]>
  </system-out>
  <testcase classname="Agent_Module.AgentMultipleLoginTest" name="MultipleLoginTest" time="0.000">
    <skipped/>
  </testcase> <!-- MultipleLoginTest -->
  <system-out>
    <![CDATA[Test is Skipped ---> MultipleLoginTest]]>
  </system-out>
  <testcase classname="Agent_Module.AgentMultipleLoginTest" name="MultipleLoginTest" time="0.000">
    <skipped/>
  </testcase> <!-- MultipleLoginTest -->
  <system-out>
    <![CDATA[Test is Skipped ---> MultipleLoginTest]]>
  </system-out>
  <testcase classname="Agent_Module.AgentMultipleLoginTest" name="MultipleLoginTest" time="0.000">
    <skipped/>
  </testcase> <!-- MultipleLoginTest -->
  <system-out>
    <![CDATA[Test is Skipped ---> MultipleLoginTest]]>
  </system-out>
  <testcase classname="Agent_Module.AgentMultipleLoginTest" name="MultipleLoginTest" time="0.000">
    <skipped/>
  </testcase> <!-- MultipleLoginTest -->
  <system-out>
    <![CDATA[Test is Skipped ---> MultipleLoginTest]]>
  </system-out>
  <testcase classname="Agent_Module.AgentMultipleLoginTest" name="MultipleLoginTest" time="0.000">
    <skipped/>
  </testcase> <!-- MultipleLoginTest -->
  <system-out>
    <![CDATA[Test is Skipped ---> MultipleLoginTest]]>
  </system-out>
  <testcase classname="Agent_Module.AgentMultipleLoginTest" name="MultipleLoginTest" time="0.000">
    <skipped/>
  </testcase> <!-- MultipleLoginTest -->
  <system-out>
    <![CDATA[Test is Skipped ---> MultipleLoginTest]]>
  </system-out>
  <testcase classname="Agent_Module.AgentMultipleLoginTest" name="MultipleLoginTest" time="0.000">
    <skipped/>
  </testcase> <!-- MultipleLoginTest -->
  <system-out>
    <![CDATA[Test is Skipped ---> MultipleLoginTest]]>
  </system-out>
  <testcase classname="Agent_Module.AgentMultipleLoginTest" name="MultipleLoginTest" time="0.000">
    <skipped/>
  </testcase> <!-- MultipleLoginTest -->
  <system-out>
    <![CDATA[Test is Skipped ---> MultipleLoginTest]]>
  </system-out>
  <testcase classname="Agent_Module.AgentMultipleLoginTest" name="MultipleLoginTest" time="0.000">
    <skipped/>
  </testcase> <!-- MultipleLoginTest -->
  <system-out>
    <![CDATA[Test is Skipped ---> MultipleLoginTest]]>
  </system-out>
  <testcase classname="Agent_Module.AgentMultipleLoginTest" name="MultipleLoginTest" time="0.000">
    <skipped/>
  </testcase> <!-- MultipleLoginTest -->
  <system-out>
    <![CDATA[Test is Skipped ---> MultipleLoginTest]]>
  </system-out>
  <testcase classname="Agent_Module.AgentMultipleLoginTest" name="MultipleLoginTest" time="0.000">
    <skipped/>
  </testcase> <!-- MultipleLoginTest -->
  <system-out>
    <![CDATA[Test is Skipped ---> MultipleLoginTest]]>
  </system-out>
  <testcase classname="Agent_Module.AgentMultipleLoginTest" name="MultipleLoginTest" time="0.000">
    <skipped/>
  </testcase> <!-- MultipleLoginTest -->
  <system-out>
    <![CDATA[Test is Skipped ---> MultipleLoginTest]]>
  </system-out>
  <testcase classname="Agent_Module.AgentMultipleLoginTest" name="MultipleLoginTest" time="0.000">
    <skipped/>
  </testcase> <!-- MultipleLoginTest -->
  <system-out>
    <![CDATA[Test is Skipped ---> MultipleLoginTest]]>
  </system-out>
  <testcase classname="Agent_Module.AgentMultipleLoginTest" name="MultipleLoginTest" time="0.000">
    <skipped/>
  </testcase> <!-- MultipleLoginTest -->
  <system-out>
    <![CDATA[Test is Skipped ---> MultipleLoginTest]]>
  </system-out>
  <testcase classname="Agent_Module.AgentMultipleLoginTest" name="MultipleLoginTest" time="0.000">
    <skipped/>
  </testcase> <!-- MultipleLoginTest -->
  <system-out>
    <![CDATA[Test is Skipped ---> MultipleLoginTest]]>
  </system-out>
  <testcase classname="Agent_Module.AgentMultipleLoginTest" name="MultipleLoginTest" time="0.000">
    <skipped/>
  </testcase> <!-- MultipleLoginTest -->
  <system-out>
    <![CDATA[Test is Skipped ---> MultipleLoginTest]]>
  </system-out>
  <testcase classname="Agent_Module.AgentMultipleLoginTest" name="MultipleLoginTest" time="0.000">
    <skipped/>
  </testcase> <!-- MultipleLoginTest -->
  <system-out>
    <![CDATA[Test is Skipped ---> MultipleLoginTest]]>
  </system-out>
  <testcase classname="Agent_Module.AgentMultipleLoginTest" name="MultipleLoginTest" time="0.000">
    <skipped/>
  </testcase> <!-- MultipleLoginTest -->
  <system-out>
    <![CDATA[Test is Skipped ---> MultipleLoginTest]]>
  </system-out>
  <testcase classname="Agent_Module.AgentMultipleLoginTest" name="MultipleLoginTest" time="0.000">
    <skipped/>
  </testcase> <!-- MultipleLoginTest -->
  <system-out>
    <![CDATA[Test is Skipped ---> MultipleLoginTest]]>
  </system-out>
  <testcase classname="Agent_Module.AgentMultipleLoginTest" name="MultipleLoginTest" time="0.000">
    <skipped/>
  </testcase> <!-- MultipleLoginTest -->
  <system-out>
    <![CDATA[Test is Skipped ---> MultipleLoginTest]]>
  </system-out>
  <testcase classname="Agent_Module.AgentMultipleLoginTest" name="MultipleLoginTest" time="0.000">
    <skipped/>
  </testcase> <!-- MultipleLoginTest -->
  <system-out>
    <![CDATA[Test is Skipped ---> MultipleLoginTest]]>
  </system-out>
  <testcase classname="Agent_Module.AgentMultipleLoginTest" name="MultipleLoginTest" time="0.000">
    <skipped/>
  </testcase> <!-- MultipleLoginTest -->
  <system-out>
    <![CDATA[Test is Skipped ---> MultipleLoginTest]]>
  </system-out>
  <testcase classname="Agent_Module.AgentMultipleLoginTest" name="MultipleLoginTest" time="0.000">
    <skipped/>
  </testcase> <!-- MultipleLoginTest -->
  <system-out>
    <![CDATA[Test is Skipped ---> MultipleLoginTest]]>
  </system-out>
  <testcase classname="Agent_Module.AgentMultipleLoginTest" name="MultipleLoginTest" time="0.000">
    <skipped/>
  </testcase> <!-- MultipleLoginTest -->
  <system-out>
    <![CDATA[Test is Skipped ---> MultipleLoginTest]]>
  </system-out>
  <testcase classname="Agent_Module.AgentMultipleLoginTest" name="MultipleLoginTest" time="0.000">
    <skipped/>
  </testcase> <!-- MultipleLoginTest -->
  <system-out>
    <![CDATA[Test is Skipped ---> MultipleLoginTest]]>
  </system-out>
  <testcase classname="Agent_Module.AgentMultipleLoginTest" name="MultipleLoginTest" time="0.000">
    <skipped/>
  </testcase> <!-- MultipleLoginTest -->
  <system-out>
    <![CDATA[Test is Skipped ---> MultipleLoginTest]]>
  </system-out>
  <testcase classname="Agent_Module.AgentMultipleLoginTest" name="MultipleLoginTest" time="0.000">
    <skipped/>
  </testcase> <!-- MultipleLoginTest -->
  <system-out>
    <![CDATA[Test is Skipped ---> MultipleLoginTest]]>
  </system-out>
  <testcase classname="Agent_Module.AgentMultipleLoginTest" name="MultipleLoginTest" time="0.000">
    <skipped/>
  </testcase> <!-- MultipleLoginTest -->
  <system-out>
    <![CDATA[Test is Skipped ---> MultipleLoginTest]]>
  </system-out>
  <testcase classname="Agent_Module.AgentMultipleLoginTest" name="MultipleLoginTest" time="0.000">
    <skipped/>
  </testcase> <!-- MultipleLoginTest -->
  <system-out>
    <![CDATA[Test is Skipped ---> MultipleLoginTest]]>
  </system-out>
  <testcase classname="Agent_Module.AgentMultipleLoginTest" name="MultipleLoginTest" time="0.000">
    <skipped/>
  </testcase> <!-- MultipleLoginTest -->
  <system-out>
    <![CDATA[Test is Skipped ---> MultipleLoginTest]]>
  </system-out>
  <testcase classname="Agent_Module.AgentMultipleLoginTest" name="MultipleLoginTest" time="0.000">
    <skipped/>
  </testcase> <!-- MultipleLoginTest -->
  <system-out>
    <![CDATA[Test is Skipped ---> MultipleLoginTest]]>
  </system-out>
  <testcase classname="Agent_Module.AgentMultipleLoginTest" name="MultipleLoginTest" time="0.000">
    <skipped/>
  </testcase> <!-- MultipleLoginTest -->
  <system-out>
    <![CDATA[Test is Skipped ---> MultipleLoginTest]]>
  </system-out>
  <testcase classname="Agent_Module.AgentMultipleLoginTest" name="MultipleLoginTest" time="0.000">
    <skipped/>
  </testcase> <!-- MultipleLoginTest -->
  <system-out>
    <![CDATA[Test is Skipped ---> MultipleLoginTest]]>
  </system-out>
  <testcase classname="Agent_Module.AgentMultipleLoginTest" name="MultipleLoginTest" time="0.000">
    <skipped/>
  </testcase> <!-- MultipleLoginTest -->
  <system-out>
    <![CDATA[Test is Skipped ---> MultipleLoginTest]]>
  </system-out>
  <testcase classname="Agent_Module.AgentMultipleLoginTest" name="MultipleLoginTest" time="0.000">
    <skipped/>
  </testcase> <!-- MultipleLoginTest -->
  <system-out>
    <![CDATA[Test is Skipped ---> MultipleLoginTest]]>
  </system-out>
  <testcase classname="Agent_Module.AgentMultipleLoginTest" name="MultipleLoginTest" time="0.000">
    <skipped/>
  </testcase> <!-- MultipleLoginTest -->
  <system-out>
    <![CDATA[Test is Skipped ---> MultipleLoginTest]]>
  </system-out>
  <testcase classname="Agent_Module.AgentMultipleLoginTest" name="MultipleLoginTest" time="0.000">
    <skipped/>
  </testcase> <!-- MultipleLoginTest -->
  <system-out>
    <![CDATA[Test is Skipped ---> MultipleLoginTest]]>
  </system-out>
  <testcase classname="Agent_Module.AgentMultipleLoginTest" name="MultipleLoginTest" time="0.000">
    <skipped/>
  </testcase> <!-- MultipleLoginTest -->
  <system-out>
    <![CDATA[Test is Skipped ---> MultipleLoginTest]]>
  </system-out>
  <testcase classname="Agent_Module.AgentMultipleLoginTest" name="MultipleLoginTest" time="0.000">
    <skipped/>
  </testcase> <!-- MultipleLoginTest -->
  <system-out>
    <![CDATA[Test is Skipped ---> MultipleLoginTest]]>
  </system-out>
  <testcase classname="Agent_Module.AgentMultipleLoginTest" name="MultipleLoginTest" time="0.000">
    <skipped/>
  </testcase> <!-- MultipleLoginTest -->
  <system-out>
    <![CDATA[Test is Skipped ---> MultipleLoginTest]]>
  </system-out>
  <testcase classname="Agent_Module.AgentMultipleLoginTest" name="MultipleLoginTest" time="0.000">
    <skipped/>
  </testcase> <!-- MultipleLoginTest -->
  <system-out>
    <![CDATA[Test is Skipped ---> MultipleLoginTest]]>
  </system-out>
  <testcase classname="Agent_Module.AgentMultipleLoginTest" name="MultipleLoginTest" time="0.000">
    <skipped/>
  </testcase> <!-- MultipleLoginTest -->
  <system-out>
    <![CDATA[Test is Skipped ---> MultipleLoginTest]]>
  </system-out>
  <testcase classname="Agent_Module.AgentMultipleLoginTest" name="MultipleLoginTest" time="0.000">
    <skipped/>
  </testcase> <!-- MultipleLoginTest -->
  <system-out>
    <![CDATA[Test is Skipped ---> MultipleLoginTest]]>
  </system-out>
  <testcase classname="Agent_Module.AgentMultipleLoginTest" name="MultipleLoginTest" time="0.000">
    <skipped/>
  </testcase> <!-- MultipleLoginTest -->
  <system-out>
    <![CDATA[Test is Skipped ---> MultipleLoginTest]]>
  </system-out>
  <testcase classname="Agent_Module.AgentMultipleLoginTest" name="MultipleLoginTest" time="0.000">
    <skipped/>
  </testcase> <!-- MultipleLoginTest -->
  <system-out>
    <![CDATA[Test is Skipped ---> MultipleLoginTest]]>
  </system-out>
  <testcase classname="Agent_Module.AgentMultipleLoginTest" name="MultipleLoginTest" time="0.000">
    <skipped/>
  </testcase> <!-- MultipleLoginTest -->
  <system-out>
    <![CDATA[Test is Skipped ---> MultipleLoginTest]]>
  </system-out>
  <testcase classname="Agent_Module.AgentMultipleLoginTest" name="MultipleLoginTest" time="0.000">
    <skipped/>
  </testcase> <!-- MultipleLoginTest -->
  <system-out>
    <![CDATA[Test is Skipped ---> MultipleLoginTest]]>
  </system-out>
  <testcase classname="Agent_Module.AgentMultipleLoginTest" name="MultipleLoginTest" time="0.000">
    <skipped/>
  </testcase> <!-- MultipleLoginTest -->
  <system-out>
    <![CDATA[Test is Skipped ---> MultipleLoginTest]]>
  </system-out>
  <testcase classname="Agent_Module.AgentMultipleLoginTest" name="MultipleLoginTest" time="0.000">
    <skipped/>
  </testcase> <!-- MultipleLoginTest -->
  <system-out>
    <![CDATA[Test is Skipped ---> MultipleLoginTest]]>
  </system-out>
  <testcase classname="Agent_Module.AgentMultipleLoginTest" name="MultipleLoginTest" time="0.000">
    <skipped/>
  </testcase> <!-- MultipleLoginTest -->
  <system-out>
    <![CDATA[Test is Skipped ---> MultipleLoginTest]]>
  </system-out>
  <testcase classname="Agent_Module.AgentMultipleLoginTest" name="MultipleLoginTest" time="0.000">
    <skipped/>
  </testcase> <!-- MultipleLoginTest -->
  <system-out>
    <![CDATA[Test is Skipped ---> MultipleLoginTest]]>
  </system-out>
  <testcase classname="Agent_Module.AgentMultipleLoginTest" name="MultipleLoginTest" time="0.000">
    <skipped/>
  </testcase> <!-- MultipleLoginTest -->
  <system-out>
    <![CDATA[Test is Skipped ---> MultipleLoginTest]]>
  </system-out>
  <testcase classname="Agent_Module.AgentMultipleLoginTest" name="MultipleLoginTest" time="0.000">
    <skipped/>
  </testcase> <!-- MultipleLoginTest -->
  <system-out>
    <![CDATA[Test is Skipped ---> MultipleLoginTest]]>
  </system-out>
  <testcase classname="Agent_Module.AgentMultipleLoginTest" name="MultipleLoginTest" time="0.000">
    <skipped/>
  </testcase> <!-- MultipleLoginTest -->
  <system-out>
    <![CDATA[Test is Skipped ---> MultipleLoginTest]]>
  </system-out>
  <testcase classname="Agent_Module.AgentMultipleLoginTest" name="MultipleLoginTest" time="0.000">
    <skipped/>
  </testcase> <!-- MultipleLoginTest -->
  <system-out>
    <![CDATA[Test is Skipped ---> MultipleLoginTest]]>
  </system-out>
  <testcase classname="Agent_Module.AgentMultipleLoginTest" name="MultipleLoginTest" time="0.000">
    <skipped/>
  </testcase> <!-- MultipleLoginTest -->
  <system-out>
    <![CDATA[Test is Skipped ---> MultipleLoginTest]]>
  </system-out>
  <testcase classname="Agent_Module.AgentMultipleLoginTest" name="MultipleLoginTest" time="0.000">
    <skipped/>
  </testcase> <!-- MultipleLoginTest -->
  <system-out>
    <![CDATA[Test is Skipped ---> MultipleLoginTest]]>
  </system-out>
  <testcase classname="Agent_Module.AgentMultipleLoginTest" name="MultipleLoginTest" time="0.000">
    <skipped/>
  </testcase> <!-- MultipleLoginTest -->
  <system-out>
    <![CDATA[Test is Skipped ---> MultipleLoginTest]]>
  </system-out>
  <testcase classname="Agent_Module.AgentMultipleLoginTest" name="MultipleLoginTest" time="0.000">
    <skipped/>
  </testcase> <!-- MultipleLoginTest -->
  <system-out>
    <![CDATA[Test is Skipped ---> MultipleLoginTest]]>
  </system-out>
  <testcase classname="Agent_Module.AgentMultipleLoginTest" name="MultipleLoginTest" time="0.000">
    <skipped/>
  </testcase> <!-- MultipleLoginTest -->
  <system-out>
    <![CDATA[Test is Skipped ---> MultipleLoginTest]]>
  </system-out>
  <testcase classname="Agent_Module.AgentMultipleLoginTest" name="MultipleLoginTest" time="0.000">
    <skipped/>
  </testcase> <!-- MultipleLoginTest -->
  <system-out>
    <![CDATA[Test is Skipped ---> MultipleLoginTest]]>
  </system-out>
  <testcase classname="Agent_Module.AgentMultipleLoginTest" name="MultipleLoginTest" time="0.000">
    <skipped/>
  </testcase> <!-- MultipleLoginTest -->
  <system-out>
    <![CDATA[Test is Skipped ---> MultipleLoginTest]]>
  </system-out>
  <testcase classname="Agent_Module.AgentMultipleLoginTest" name="MultipleLoginTest" time="0.000">
    <skipped/>
  </testcase> <!-- MultipleLoginTest -->
  <system-out>
    <![CDATA[Test is Skipped ---> MultipleLoginTest]]>
  </system-out>
  <testcase classname="Agent_Module.AgentMultipleLoginTest" name="MultipleLoginTest" time="0.000">
    <skipped/>
  </testcase> <!-- MultipleLoginTest -->
  <system-out>
    <![CDATA[Test is Skipped ---> MultipleLoginTest]]>
  </system-out>
  <testcase classname="Agent_Module.AgentMultipleLoginTest" name="MultipleLoginTest" time="0.000">
    <skipped/>
  </testcase> <!-- MultipleLoginTest -->
  <system-out>
    <![CDATA[Test is Skipped ---> MultipleLoginTest]]>
  </system-out>
  <testcase classname="Agent_Module.AgentMultipleLoginTest" name="MultipleLoginTest" time="0.000">
    <skipped/>
  </testcase> <!-- MultipleLoginTest -->
  <system-out>
    <![CDATA[Test is Skipped ---> MultipleLoginTest]]>
  </system-out>
  <testcase classname="Agent_Module.AgentMultipleLoginTest" name="MultipleLoginTest" time="0.000">
    <skipped/>
  </testcase> <!-- MultipleLoginTest -->
  <system-out>
    <![CDATA[Test is Skipped ---> MultipleLoginTest]]>
  </system-out>
  <testcase classname="Agent_Module.AgentMultipleLoginTest" name="MultipleLoginTest" time="0.000">
    <skipped/>
  </testcase> <!-- MultipleLoginTest -->
  <system-out>
    <![CDATA[Test is Skipped ---> MultipleLoginTest]]>
  </system-out>
  <testcase classname="Agent_Module.AgentMultipleLoginTest" name="MultipleLoginTest" time="0.000">
    <skipped/>
  </testcase> <!-- MultipleLoginTest -->
  <system-out>
    <![CDATA[Test is Skipped ---> MultipleLoginTest]]>
  </system-out>
  <testcase classname="Agent_Module.AgentMultipleLoginTest" name="MultipleLoginTest" time="0.000">
    <skipped/>
  </testcase> <!-- MultipleLoginTest -->
  <system-out>
    <![CDATA[Test is Skipped ---> MultipleLoginTest]]>
  </system-out>
</testsuite> <!-- Agent_Module.AgentMultipleLoginTest -->
